<?xml version="1.0" encoding="UTF-8"?>
<!-- Generated by org.testng.reporters.JUnitXMLReporter -->
<testsuite hostname="Sunitha" failures="0" tests="3" name="Default test" time="0.025" errors="0" timestamp="18 Jul 2022 10:43:15 GMT">
  <testcase classname="org.mavenExample.Practice1Test" name="practice1Test" time="0.008"/>
  <testcase classname="org.mavenExample.Practice1Test" name="practice2Test" time="0.001"/>
  <testcase classname="org.mavenExample.Practice1Test" name="practice3Test" time="0.001"/>
</testsuite> <!-- Default test -->
